[2025-06-20 16:33:23] [INFO] [Device:-1] [Thread:125209148073856] 智能家居系统启动
[2025-06-20 16:33:23] [INFO] [Device:-1] [Thread:125209148073856] 开始初始化房间设备容器
[2025-06-20 16:33:23] [INFO] [Device:-1] [Thread:125209148073856] 房间设备容器初始化完成
[2025-06-20 16:33:24] [INFO] [Device:-1] [Thread:125209148073856] 打印当前用户信息
[2025-06-20 16:33:25] [INFO] [Device:-1] [Thread:125209148073856] 开始从文件导入设备
[2025-06-20 16:33:34] [INFO] [Device:-1] [Thread:125209148073856] 尝试加载设备配置文件: ../data/sence1.json
[2025-06-20 16:33:34] [INFO] [Device:-1] [Thread:125209148073856] 设备导入成功 - 传感器: 2, 灯光: 2, 空调: 1
[2025-06-20 16:33:35] [INFO] [Device:-1] [Thread:125209148073856] 显示所有设备信息
[2025-06-20 16:33:51] [INFO] [Device:-1] [Thread:125209148073856] 开始查找设备
[2025-06-20 16:33:52] [INFO] [Device:-1] [Thread:125209148073856] 查找设备ID: 4
[2025-06-20 16:33:52] [INFO] [Device:-1] [Thread:125209148073856] 找到设备ID: 4
[2025-06-20 16:33:53] [INFO] [Device:-1] [Thread:125209148073856] 开始修改设备信息
[2025-06-20 16:33:53] [INFO] [Device:-1] [Thread:125209148073856] 修改设备ID: 4
[2025-06-20 16:33:53] [INFO] [Device:-1] [Thread:125209148073856] 当前用户可以修改设备ID: 4 设备类型: AirConditioner
[2025-06-20 16:34:16] [INFO] [Device:-1] [Thread:125209148073856] 显示所有设备信息
[2025-06-20 16:35:02] [INFO] [Device:-1] [Thread:125209148073856] 开始从键盘添加设备
[2025-06-20 16:35:04] [INFO] [Device:-1] [Thread:125209148073856] 准备添加 1 个设备
[2025-06-20 16:35:22] [ALERT] [Device:-1] [Thread:125209148073856] Parameter error: Invalid parameter [targetTemperature must be between -20 and 40]: 
{
    "type": "AirConditioner",
    "name": "yzk",
    "priorityLevel": 10,
    "powerConsumption": 1000.0,
    "updateFrequency": 1000,
    "targetTemperature": -23.0,
    "speed": 4.0
}
[2025-06-20 16:35:24] [INFO] [Device:-1] [Thread:125209148073856] 显示所有设备信息
[2025-06-20 16:35:48] [INFO] [Device:-1] [Thread:125209148073856] 开始从键盘添加设备
[2025-06-20 16:35:49] [INFO] [Device:-1] [Thread:125209148073856] 准备添加 1 个设备
[2025-06-20 16:35:59] [INFO] [Device:-1] [Thread:125209148073856] 添加空调设备: yzk
[2025-06-20 16:35:59] [INFO] [Device:-1] [Thread:125209148073856] 设备添加完成
[2025-06-20 16:36:02] [INFO] [Device:-1] [Thread:125209148073856] 显示所有设备信息
[2025-06-20 16:36:22] [INFO] [Device:-1] [Thread:125209148073856] 开始保存设备信息
[2025-06-20 16:36:25] [INFO] [Device:-1] [Thread:125209148073856] 保存设备信息到文件: ../data/sence2.json
[2025-06-20 16:36:25] [INFO] [Device:-1] [Thread:125209148073856] 设备信息保存成功
[2025-06-20 16:36:47] [INFO] [Device:-1] [Thread:125209148073856] 打印当前用户信息
[2025-06-20 16:36:48] [INFO] [Device:-1] [Thread:125209148073856] 显示所有设备信息
[2025-06-20 16:37:24] [INFO] [Device:-1] [Thread:125209148073856] 打印当前用户信息
[2025-06-20 16:37:26] [INFO] [Device:-1] [Thread:125209148073856] 打印当前用户信息
[2025-06-20 16:37:26] [INFO] [Device:-1] [Thread:125209148073856] 打印当前用户信息
[2025-06-20 16:37:27] [INFO] [Device:-1] [Thread:125209148073856] 打印当前用户信息
[2025-06-20 16:37:28] [INFO] [Device:-1] [Thread:125209148073856] 显示所有设备信息
[2025-06-20 16:37:31] [INFO] [Device:-1] [Thread:125209148073856] 显示所有设备信息
[2025-06-20 16:38:07] [INFO] [Device:-1] [Thread:125209148073856] 打印当前用户信息
[2025-06-20 16:38:09] [INFO] [Device:-1] [Thread:125209148073856] 打印当前用户信息
[2025-06-20 16:38:38] [INFO] [Device:-1] [Thread:125209148073856] 用户选择退出系统
[2025-06-20 16:38:38] [INFO] [Device:-1] [Thread:125209148073856] 智能家居系统关闭
