[2025-06-19 14:59:22] [INFO] [Device:-1] [Thread:124677125257024] 智能家居系统启动
[2025-06-19 14:59:22] [INFO] [Device:-1] [Thread:124677125257024] 开始初始化房间设备容器
[2025-06-19 14:59:22] [INFO] [Device:-1] [Thread:124677125257024] 房间设备容器初始化完成
[2025-06-19 14:59:24] [INFO] [Device:-1] [Thread:124677125257024] 打印当前用户信息
[2025-06-19 14:59:24] [INFO] [Device:-1] [Thread:124677125257024] 开始从文件导入设备
[2025-06-19 14:59:27] [INFO] [Device:-1] [Thread:124677125257024] 尝试加载设备配置文件: ../data/sence1.json
[2025-06-19 14:59:27] [INFO] [Device:-1] [Thread:124677125257024] 设备导入成功 - 传感器: 2, 灯光: 2, 空调: 1
[2025-06-19 14:59:32] [INFO] [Device:-1] [Thread:124677125257024] 显示所有设备信息
[2025-06-19 14:59:35] [INFO] [Device:-1] [Thread:124677125257024] 开始智能场景模拟
[2025-06-19 14:59:35] [INFO] [Device:-1] [Thread:124677125257024] 环境配置加载成功
[2025-06-19 14:59:35] [INFO] [Device:-1] [Thread:124677125257024] 场景模拟启动
[2025-06-19 14:59:35] [INFO] [Device:4] [Thread:124677087405760] 温度过高，空调制冷24°C，速度3
[2025-06-19 14:59:35] [INFO] [Device:4] [Thread:124677087405760] 湿度高，空调温度-1°C除湿
[2025-06-19 14:59:35] [INFO] [Device:2] [Thread:124677087405760] 光照充足，灯光20%
[2025-06-19 14:59:35] [INFO] [Device:3] [Thread:124677087405760] 光照充足，灯光20%
[2025-06-19 14:59:35] [ALERT] [Device:4] [Thread:124677087405760] CO2超标，空调最大通风
[2025-06-19 14:59:38] [INFO] [Device:4] [Thread:124677087405760] 温度过高，空调制冷24°C，速度3
[2025-06-19 14:59:38] [INFO] [Device:4] [Thread:124677087405760] 湿度高，空调温度-1°C除湿
[2025-06-19 14:59:38] [INFO] [Device:2] [Thread:124677087405760] 光照充足，灯光20%
[2025-06-19 14:59:38] [INFO] [Device:3] [Thread:124677087405760] 光照充足，灯光20%
[2025-06-19 14:59:38] [ALERT] [Device:4] [Thread:124677087405760] CO2超标，空调最大通风
[2025-06-19 14:59:41] [INFO] [Device:-1] [Thread:124677070620352] [2025-06-19 14:59:41] [模拟时间: 14:34] 环境状态 - 温度: 899832175915552000.0°C, 湿度: 2341814160157427712.0%, CO2: 5178692814393035776.0 ppm, 光照: 46836283203148546048.0 lux, 人数: 2, 场景: afternoon
[2025-06-19 14:59:41] [INFO] [Device:4] [Thread:124677087405760] 温度过高，空调制冷24°C，速度3
[2025-06-19 14:59:41] [INFO] [Device:4] [Thread:124677087405760] 湿度高，空调温度-1°C除湿
[2025-06-19 14:59:41] [INFO] [Device:2] [Thread:124677087405760] 光照充足，灯光20%
[2025-06-19 14:59:41] [INFO] [Device:3] [Thread:124677087405760] 光照充足，灯光20%
[2025-06-19 14:59:41] [ALERT] [Device:4] [Thread:124677087405760] CO2超标，空调最大通风
[2025-06-19 14:59:44] [INFO] [Device:4] [Thread:124677087405760] 温度过高，空调制冷24°C，速度3
[2025-06-19 14:59:44] [INFO] [Device:4] [Thread:124677087405760] 湿度高，空调温度-1°C除湿
[2025-06-19 14:59:44] [INFO] [Device:2] [Thread:124677087405760] 光照充足，灯光20%
[2025-06-19 14:59:44] [INFO] [Device:3] [Thread:124677087405760] 光照充足，灯光20%
[2025-06-19 14:59:44] [ALERT] [Device:4] [Thread:124677087405760] CO2超标，空调最大通风
[2025-06-19 14:59:47] [INFO] [Device:-1] [Thread:124677070620352] [2025-06-19 14:59:47] [模拟时间: 14:37] 环境状态 - 温度: 655977656242437376.0°C, 湿度: 3459623209757172224.0%, CO2: 7857341091394923520.0 ppm, 光照: 84134326894848180224.0 lux, 人数: 1, 场景: afternoon
[2025-06-19 14:59:47] [INFO] [Device:4] [Thread:124677087405760] 温度过高，空调制冷24°C，速度3
[2025-06-19 14:59:47] [INFO] [Device:4] [Thread:124677087405760] 湿度高，空调温度-1°C除湿
[2025-06-19 14:59:47] [INFO] [Device:2] [Thread:124677087405760] 光照充足，灯光20%
[2025-06-19 14:59:47] [INFO] [Device:3] [Thread:124677087405760] 光照充足，灯光20%
[2025-06-19 14:59:47] [ALERT] [Device:4] [Thread:124677087405760] CO2超标，空调最大通风
[2025-06-19 14:59:50] [INFO] [Device:4] [Thread:124677087405760] 温度过高，空调制冷24°C，速度3
[2025-06-19 14:59:50] [INFO] [Device:4] [Thread:124677087405760] 湿度高，空调温度-1°C除湿
[2025-06-19 14:59:50] [INFO] [Device:2] [Thread:124677087405760] 光照充足，灯光20%
[2025-06-19 14:59:50] [INFO] [Device:3] [Thread:124677087405760] 光照充足，灯光20%
[2025-06-19 14:59:50] [ALERT] [Device:4] [Thread:124677087405760] CO2超标，空调最大通风
[2025-06-19 14:59:53] [INFO] [Device:-1] [Thread:124677070620352] [2025-06-19 14:59:53] [模拟时间: 14:40] 环境状态 - 温度: 810249104727508864.0°C, 湿度: 3444402523598455808.0%, CO2: 10333802912608083968.0 ppm, 光照: 76275787006049042432.0 lux, 人数: 1, 场景: afternoon
[2025-06-19 14:59:53] [INFO] [Device:4] [Thread:124677087405760] 温度过高，空调制冷24°C，速度3
[2025-06-19 14:59:53] [INFO] [Device:4] [Thread:124677087405760] 湿度高，空调温度-1°C除湿
[2025-06-19 14:59:53] [INFO] [Device:2] [Thread:124677087405760] 光照充足，灯光20%
[2025-06-19 14:59:53] [INFO] [Device:3] [Thread:124677087405760] 光照充足，灯光20%
[2025-06-19 14:59:53] [ALERT] [Device:4] [Thread:124677087405760] CO2超标，空调最大通风
[2025-06-19 14:59:56] [INFO] [Device:4] [Thread:124677087405760] 温度过高，空调制冷24°C，速度3
[2025-06-19 14:59:56] [INFO] [Device:4] [Thread:124677087405760] 湿度高，空调温度-1°C除湿
[2025-06-19 14:59:56] [INFO] [Device:2] [Thread:124677087405760] 光照充足，灯光20%
[2025-06-19 14:59:56] [INFO] [Device:3] [Thread:124677087405760] 光照充足，灯光20%
[2025-06-19 14:59:56] [ALERT] [Device:4] [Thread:124677087405760] CO2超标，空调最大通风
[2025-06-19 14:59:59] [INFO] [Device:-1] [Thread:124677070620352] [2025-06-19 14:59:59] [模拟时间: 14:43] 环境状态 - 温度: 1258443732814639616.0°C, 湿度: 4088166058005440512.0%, CO2: 12457059366570717184.0 ppm, 光照: 72207118393748357120.0 lux, 人数: 1, 场景: afternoon
[2025-06-19 14:59:59] [INFO] [Device:4] [Thread:124677087405760] 温度过高，空调制冷24°C，速度3
[2025-06-19 14:59:59] [INFO] [Device:4] [Thread:124677087405760] 湿度高，空调温度-1°C除湿
[2025-06-19 14:59:59] [INFO] [Device:2] [Thread:124677087405760] 光照充足，灯光20%
[2025-06-19 14:59:59] [INFO] [Device:3] [Thread:124677087405760] 光照充足，灯光20%
[2025-06-19 14:59:59] [ALERT] [Device:4] [Thread:124677087405760] CO2超标，空调最大通风
[2025-06-19 15:00:02] [INFO] [Device:4] [Thread:124677087405760] 温度过高，空调制冷24°C，速度3
[2025-06-19 15:00:02] [INFO] [Device:4] [Thread:124677087405760] 湿度高，空调温度-1°C除湿
[2025-06-19 15:00:02] [INFO] [Device:2] [Thread:124677087405760] 光照充足，灯光20%
[2025-06-19 15:00:02] [INFO] [Device:3] [Thread:124677087405760] 光照充足，灯光20%
[2025-06-19 15:00:02] [ALERT] [Device:4] [Thread:124677087405760] CO2超标，空调最大通风
[2025-06-19 15:00:05] [INFO] [Device:-1] [Thread:124677070620352] [2025-06-19 15:00:05] [模拟时间: 14:46] 环境状态 - 温度: 1286340362696063488.0°C, 湿度: 3727366191271202816.0%, CO2: 12432811961415976960.0 ppm, 光照: 86027596082456838144.0 lux, 人数: 1, 场景: afternoon
[2025-06-19 15:00:05] [INFO] [Device:4] [Thread:124677087405760] 温度过高，空调制冷24°C，速度3
[2025-06-19 15:00:05] [INFO] [Device:4] [Thread:124677087405760] 湿度高，空调温度-1°C除湿
[2025-06-19 15:00:05] [INFO] [Device:2] [Thread:124677087405760] 光照充足，灯光20%
[2025-06-19 15:00:05] [INFO] [Device:3] [Thread:124677087405760] 光照充足，灯光20%
[2025-06-19 15:00:05] [ALERT] [Device:4] [Thread:124677087405760] CO2超标，空调最大通风
[2025-06-19 15:00:08] [INFO] [Device:4] [Thread:124677087405760] 温度过高，空调制冷24°C，速度3
[2025-06-19 15:00:08] [INFO] [Device:4] [Thread:124677087405760] 湿度高，空调温度-1°C除湿
[2025-06-19 15:00:08] [INFO] [Device:2] [Thread:124677087405760] 光照充足，灯光20%
[2025-06-19 15:00:08] [INFO] [Device:3] [Thread:124677087405760] 光照充足，灯光20%
[2025-06-19 15:00:08] [ALERT] [Device:4] [Thread:124677087405760] CO2超标，空调最大通风
[2025-06-19 15:00:11] [INFO] [Device:-1] [Thread:124677070620352] [2025-06-19 15:00:11] [模拟时间: 14:49] 环境状态 - 温度: 1638718399206393344.0°C, 湿度: 4294446571738873856.0%, CO2: 10659582155419025408.0 ppm, 光照: 96102724317525327872.0 lux, 人数: 2, 场景: afternoon
[2025-06-19 15:00:11] [INFO] [Device:4] [Thread:124677087405760] 温度过高，空调制冷24°C，速度3
[2025-06-19 15:00:11] [INFO] [Device:4] [Thread:124677087405760] 湿度高，空调温度-1°C除湿
[2025-06-19 15:00:11] [INFO] [Device:2] [Thread:124677087405760] 光照充足，灯光20%
[2025-06-19 15:00:11] [INFO] [Device:3] [Thread:124677087405760] 光照充足，灯光20%
[2025-06-19 15:00:11] [ALERT] [Device:4] [Thread:124677087405760] CO2超标，空调最大通风
[2025-06-19 15:00:14] [INFO] [Device:4] [Thread:124677087405760] 温度过高，空调制冷24°C，速度3
[2025-06-19 15:00:14] [INFO] [Device:4] [Thread:124677087405760] 湿度高，空调温度-1°C除湿
[2025-06-19 15:00:14] [INFO] [Device:2] [Thread:124677087405760] 光照充足，灯光20%
[2025-06-19 15:00:14] [INFO] [Device:3] [Thread:124677087405760] 光照充足，灯光20%
[2025-06-19 15:00:14] [ALERT] [Device:4] [Thread:124677087405760] CO2超标，空调最大通风
[2025-06-19 15:00:17] [INFO] [Device:-1] [Thread:124677070620352] [2025-06-19 15:00:17] [模拟时间: 14:52] 环境状态 - 温度: 1862397848489746432.0°C, 湿度: 4707848169099805696.0%, CO2: 12736374344875749376.0 ppm, 光照: 120049562467228860416.0 lux, 人数: 2, 场景: afternoon
[2025-06-19 15:00:17] [INFO] [Device:4] [Thread:124677087405760] 温度过高，空调制冷24°C，速度3
[2025-06-19 15:00:17] [INFO] [Device:4] [Thread:124677087405760] 湿度高，空调温度-1°C除湿
[2025-06-19 15:00:17] [INFO] [Device:2] [Thread:124677087405760] 光照充足，灯光20%
[2025-06-19 15:00:17] [INFO] [Device:3] [Thread:124677087405760] 光照充足，灯光20%
[2025-06-19 15:00:17] [ALERT] [Device:4] [Thread:124677087405760] CO2超标，空调最大通风
[2025-06-19 15:00:20] [INFO] [Device:4] [Thread:124677087405760] 温度过高，空调制冷24°C，速度3
[2025-06-19 15:00:20] [INFO] [Device:4] [Thread:124677087405760] 湿度高，空调温度-1°C除湿
[2025-06-19 15:00:20] [INFO] [Device:2] [Thread:124677087405760] 光照充足，灯光20%
[2025-06-19 15:00:20] [INFO] [Device:3] [Thread:124677087405760] 光照充足，灯光20%
[2025-06-19 15:00:20] [ALERT] [Device:4] [Thread:124677087405760] CO2超标，空调最大通风
[2025-06-19 15:00:23] [INFO] [Device:-1] [Thread:124677070620352] [2025-06-19 15:00:23] [模拟时间: 14:55] 环境状态 - 温度: 2058664306349988096.0°C, 湿度: 5101451653944472576.0%, CO2: 12584667606590132224.0 ppm, 光照: 120904737812024131584.0 lux, 人数: 2, 场景: afternoon
[2025-06-19 15:00:23] [INFO] [Device:4] [Thread:124677087405760] 温度过高，空调制冷24°C，速度3
[2025-06-19 15:00:23] [INFO] [Device:4] [Thread:124677087405760] 湿度高，空调温度-1°C除湿
[2025-06-19 15:00:23] [INFO] [Device:2] [Thread:124677087405760] 光照充足，灯光20%
[2025-06-19 15:00:23] [INFO] [Device:3] [Thread:124677087405760] 光照充足，灯光20%
[2025-06-19 15:00:23] [ALERT] [Device:4] [Thread:124677087405760] CO2超标，空调最大通风
[2025-06-19 15:00:26] [INFO] [Device:4] [Thread:124677087405760] 温度过高，空调制冷24°C，速度3
[2025-06-19 15:00:26] [INFO] [Device:4] [Thread:124677087405760] 湿度高，空调温度-1°C除湿
[2025-06-19 15:00:26] [INFO] [Device:2] [Thread:124677087405760] 光照充足，灯光20%
[2025-06-19 15:00:26] [INFO] [Device:3] [Thread:124677087405760] 光照充足，灯光20%
[2025-06-19 15:00:26] [ALERT] [Device:4] [Thread:124677087405760] CO2超标，空调最大通风
[2025-06-19 15:00:29] [INFO] [Device:-1] [Thread:124677070620352] [2025-06-19 15:00:29] [模拟时间: 14:58] 环境状态 - 温度: 2131644926650008320.0°C, 湿度: 5471398942727927808.0%, CO2: 14207038728854908928.0 ppm, 光照: 138130230304718471168.0 lux, 人数: 2, 场景: afternoon
[2025-06-19 15:00:29] [INFO] [Device:4] [Thread:124677087405760] 温度过高，空调制冷24°C，速度3
[2025-06-19 15:00:29] [INFO] [Device:4] [Thread:124677087405760] 湿度高，空调温度-1°C除湿
[2025-06-19 15:00:29] [INFO] [Device:2] [Thread:124677087405760] 光照充足，灯光20%
[2025-06-19 15:00:29] [INFO] [Device:3] [Thread:124677087405760] 光照充足，灯光20%
[2025-06-19 15:00:29] [ALERT] [Device:4] [Thread:124677087405760] CO2超标，空调最大通风
[2025-06-19 15:00:32] [INFO] [Device:4] [Thread:124677087405760] 温度过高，空调制冷24°C，速度3
[2025-06-19 15:00:32] [INFO] [Device:4] [Thread:124677087405760] 湿度高，空调温度-1°C除湿
[2025-06-19 15:00:32] [INFO] [Device:2] [Thread:124677087405760] 光照充足，灯光20%
[2025-06-19 15:00:32] [INFO] [Device:3] [Thread:124677087405760] 光照充足，灯光20%
[2025-06-19 15:00:32] [ALERT] [Device:4] [Thread:124677087405760] CO2超标，空调最大通风
[2025-06-19 15:00:35] [INFO] [Device:-1] [Thread:124677070620352] [2025-06-19 15:00:35] [模拟时间: 15:01] 环境状态 - 温度: 1553969151527856128.0°C, 湿度: 4818753312565588992.0%, CO2: 12180759830151979008.0 ppm, 光照: 135745751632187916288.0 lux, 人数: 2, 场景: afternoon
[2025-06-19 15:00:35] [INFO] [Device:4] [Thread:124677087405760] 温度过高，空调制冷24°C，速度3
[2025-06-19 15:00:35] [INFO] [Device:4] [Thread:124677087405760] 湿度高，空调温度-1°C除湿
[2025-06-19 15:00:35] [INFO] [Device:2] [Thread:124677087405760] 光照充足，灯光20%
[2025-06-19 15:00:35] [INFO] [Device:3] [Thread:124677087405760] 光照充足，灯光20%
[2025-06-19 15:00:35] [ALERT] [Device:4] [Thread:124677087405760] CO2超标，空调最大通风
[2025-06-19 15:00:38] [INFO] [Device:4] [Thread:124677087405760] 温度过高，空调制冷24°C，速度3
[2025-06-19 15:00:38] [INFO] [Device:4] [Thread:124677087405760] 湿度高，空调温度-1°C除湿
[2025-06-19 15:00:38] [INFO] [Device:2] [Thread:124677087405760] 光照充足，灯光20%
[2025-06-19 15:00:38] [INFO] [Device:3] [Thread:124677087405760] 光照充足，灯光20%
[2025-06-19 15:00:38] [ALERT] [Device:4] [Thread:124677087405760] CO2超标，空调最大通风
[2025-06-19 15:00:41] [INFO] [Device:-1] [Thread:124677070620352] [2025-06-19 15:00:41] [模拟时间: 15:04] 环境状态 - 温度: 1431680765457901824.0°C, 湿度: 3512871164860314112.0%, CO2: 13860738299031248896.0 ppm, 光照: 130502585305908314112.0 lux, 人数: 2, 场景: afternoon
[2025-06-19 15:00:41] [INFO] [Device:4] [Thread:124677087405760] 温度过高，空调制冷24°C，速度3
[2025-06-19 15:00:41] [INFO] [Device:4] [Thread:124677087405760] 湿度高，空调温度-1°C除湿
[2025-06-19 15:00:41] [INFO] [Device:2] [Thread:124677087405760] 光照充足，灯光20%
[2025-06-19 15:00:41] [INFO] [Device:3] [Thread:124677087405760] 光照充足，灯光20%
[2025-06-19 15:00:41] [ALERT] [Device:4] [Thread:124677087405760] CO2超标，空调最大通风
[2025-06-19 15:00:44] [INFO] [Device:4] [Thread:124677087405760] 温度过高，空调制冷24°C，速度3
[2025-06-19 15:00:44] [INFO] [Device:4] [Thread:124677087405760] 湿度高，空调温度-1°C除湿
[2025-06-19 15:00:44] [INFO] [Device:2] [Thread:124677087405760] 光照充足，灯光20%
[2025-06-19 15:00:44] [INFO] [Device:3] [Thread:124677087405760] 光照充足，灯光20%
[2025-06-19 15:00:44] [ALERT] [Device:4] [Thread:124677087405760] CO2超标，空调最大通风
[2025-06-19 15:00:47] [INFO] [Device:-1] [Thread:124677070620352] [2025-06-19 15:00:47] [模拟时间: 15:07] 环境状态 - 温度: 1043695278018810368.0°C, 湿度: 4138079697485335552.0%, CO2: 11883850499131916288.0 ppm, 光照: 126680317054050484224.0 lux, 人数: 2, 场景: afternoon
[2025-06-19 15:00:47] [INFO] [Device:4] [Thread:124677087405760] 温度过高，空调制冷24°C，速度3
[2025-06-19 15:00:47] [INFO] [Device:4] [Thread:124677087405760] 湿度高，空调温度-1°C除湿
[2025-06-19 15:00:47] [INFO] [Device:2] [Thread:124677087405760] 光照充足，灯光20%
[2025-06-19 15:00:47] [INFO] [Device:3] [Thread:124677087405760] 光照充足，灯光20%
[2025-06-19 15:00:47] [ALERT] [Device:4] [Thread:124677087405760] CO2超标，空调最大通风
[2025-06-19 15:00:50] [INFO] [Device:4] [Thread:124677087405760] 温度过高，空调制冷24°C，速度3
[2025-06-19 15:00:50] [INFO] [Device:4] [Thread:124677087405760] 湿度高，空调温度-1°C除湿
[2025-06-19 15:00:50] [INFO] [Device:2] [Thread:124677087405760] 光照充足，灯光20%
[2025-06-19 15:00:50] [INFO] [Device:3] [Thread:124677087405760] 光照充足，灯光20%
[2025-06-19 15:00:50] [ALERT] [Device:4] [Thread:124677087405760] CO2超标，空调最大通风
[2025-06-19 15:00:53] [INFO] [Device:-1] [Thread:124677070620352] [2025-06-19 15:00:53] [模拟时间: 15:10] 环境状态 - 温度: 1059691111669807488.0°C, 湿度: 4593856717768976384.0%, CO2: 13786031416066588672.0 ppm, 光照: 142340627572155695104.0 lux, 人数: 2, 场景: afternoon
[2025-06-19 15:00:53] [INFO] [Device:4] [Thread:124677087405760] 温度过高，空调制冷24°C，速度3
[2025-06-19 15:00:53] [INFO] [Device:4] [Thread:124677087405760] 湿度高，空调温度-1°C除湿
[2025-06-19 15:00:53] [INFO] [Device:2] [Thread:124677087405760] 光照充足，灯光20%
[2025-06-19 15:00:53] [INFO] [Device:3] [Thread:124677087405760] 光照充足，灯光20%
[2025-06-19 15:00:53] [ALERT] [Device:4] [Thread:124677087405760] CO2超标，空调最大通风
[2025-06-19 15:00:56] [INFO] [Device:4] [Thread:124677087405760] 温度过高，空调制冷24°C，速度3
[2025-06-19 15:00:56] [INFO] [Device:4] [Thread:124677087405760] 湿度高，空调温度-1°C除湿
[2025-06-19 15:00:56] [INFO] [Device:2] [Thread:124677087405760] 光照充足，灯光20%
[2025-06-19 15:00:56] [INFO] [Device:3] [Thread:124677087405760] 光照充足，灯光20%
[2025-06-19 15:00:56] [ALERT] [Device:4] [Thread:124677087405760] CO2超标，空调最大通风
[2025-06-19 15:00:59] [INFO] [Device:-1] [Thread:124677070620352] [2025-06-19 15:00:59] [模拟时间: 15:13] 环境状态 - 温度: 1772328349202347520.0°C, 湿度: 3348921547253583872.0%, CO2: 13484617338002376704.0 ppm, 光照: 118708180199806238720.0 lux, 人数: 1, 场景: afternoon
[2025-06-19 15:00:59] [INFO] [Device:4] [Thread:124677087405760] 温度过高，空调制冷24°C，速度3
[2025-06-19 15:00:59] [INFO] [Device:4] [Thread:124677087405760] 湿度高，空调温度-1°C除湿
[2025-06-19 15:00:59] [INFO] [Device:2] [Thread:124677087405760] 光照充足，灯光20%
[2025-06-19 15:00:59] [INFO] [Device:3] [Thread:124677087405760] 光照充足，灯光20%
[2025-06-19 15:00:59] [ALERT] [Device:4] [Thread:124677087405760] CO2超标，空调最大通风
[2025-06-19 15:01:02] [INFO] [Device:4] [Thread:124677087405760] 温度过高，空调制冷24°C，速度3
[2025-06-19 15:01:02] [INFO] [Device:4] [Thread:124677087405760] 湿度高，空调温度-1°C除湿
[2025-06-19 15:01:02] [INFO] [Device:2] [Thread:124677087405760] 光照充足，灯光20%
[2025-06-19 15:01:02] [INFO] [Device:3] [Thread:124677087405760] 光照充足，灯光20%
[2025-06-19 15:01:02] [ALERT] [Device:4] [Thread:124677087405760] CO2超标，空调最大通风
[2025-06-19 15:01:05] [INFO] [Device:-1] [Thread:124677070620352] [2025-06-19 15:01:05] [模拟时间: 15:16] 环境状态 - 温度: 2291840895363568896.0°C, 湿度: 3188456942933099520.0%, CO2: 13313814477172193280.0 ppm, 光照: 104985007439368290304.0 lux, 人数: 1, 场景: afternoon
[2025-06-19 15:01:05] [INFO] [Device:4] [Thread:124677087405760] 温度过高，空调制冷24°C，速度3
[2025-06-19 15:01:05] [INFO] [Device:4] [Thread:124677087405760] 湿度高，空调温度-1°C除湿
[2025-06-19 15:01:05] [INFO] [Device:2] [Thread:124677087405760] 光照充足，灯光20%
[2025-06-19 15:01:05] [INFO] [Device:3] [Thread:124677087405760] 光照充足，灯光20%
[2025-06-19 15:01:05] [ALERT] [Device:4] [Thread:124677087405760] CO2超标，空调最大通风
[2025-06-19 15:01:08] [INFO] [Device:4] [Thread:124677087405760] 温度过高，空调制冷24°C，速度3
[2025-06-19 15:01:08] [INFO] [Device:4] [Thread:124677087405760] 湿度高，空调温度-1°C除湿
[2025-06-19 15:01:08] [INFO] [Device:2] [Thread:124677087405760] 光照充足，灯光20%
[2025-06-19 15:01:08] [INFO] [Device:3] [Thread:124677087405760] 光照充足，灯光20%
[2025-06-19 15:01:08] [ALERT] [Device:4] [Thread:124677087405760] CO2超标，空调最大通风
[2025-06-19 15:01:11] [INFO] [Device:-1] [Thread:124677070620352] [2025-06-19 15:01:11] [模拟时间: 15:19] 环境状态 - 温度: 2039686894194232832.0°C, 湿度: 3154488594715159040.0%, CO2: 14832191027020206080.0 ppm, 光照: 126524746863052357632.0 lux, 人数: 1, 场景: afternoon
[2025-06-19 15:01:11] [INFO] [Device:4] [Thread:124677087405760] 温度过高，空调制冷24°C，速度3
[2025-06-19 15:01:11] [INFO] [Device:4] [Thread:124677087405760] 湿度高，空调温度-1°C除湿
[2025-06-19 15:01:11] [INFO] [Device:2] [Thread:124677087405760] 光照充足，灯光20%
[2025-06-19 15:01:11] [INFO] [Device:3] [Thread:124677087405760] 光照充足，灯光20%
[2025-06-19 15:01:11] [ALERT] [Device:4] [Thread:124677087405760] CO2超标，空调最大通风
[2025-06-19 15:01:14] [INFO] [Device:4] [Thread:124677087405760] 温度过高，空调制冷24°C，速度3
[2025-06-19 15:01:14] [INFO] [Device:4] [Thread:124677087405760] 湿度高，空调温度-1°C除湿
[2025-06-19 15:01:14] [INFO] [Device:2] [Thread:124677087405760] 光照充足，灯光20%
[2025-06-19 15:01:14] [INFO] [Device:3] [Thread:124677087405760] 光照充足，灯光20%
[2025-06-19 15:01:14] [ALERT] [Device:4] [Thread:124677087405760] CO2超标，空调最大通风
[2025-06-19 15:01:17] [INFO] [Device:-1] [Thread:124677070620352] [2025-06-19 15:01:17] [模拟时间: 15:22] 环境状态 - 温度: 2486745274662652928.0°C, 湿度: 4799156007534995456.0%, CO2: 16134009121446144000.0 ppm, 光照: 142227216902918045696.0 lux, 人数: 1, 场景: afternoon
[2025-06-19 15:01:17] [INFO] [Device:4] [Thread:124677087405760] 温度过高，空调制冷24°C，速度3
[2025-06-19 15:01:17] [INFO] [Device:4] [Thread:124677087405760] 湿度高，空调温度-1°C除湿
[2025-06-19 15:01:17] [INFO] [Device:2] [Thread:124677087405760] 光照充足，灯光20%
[2025-06-19 15:01:17] [INFO] [Device:3] [Thread:124677087405760] 光照充足，灯光20%
[2025-06-19 15:01:17] [ALERT] [Device:4] [Thread:124677087405760] CO2超标，空调最大通风
[2025-06-19 15:01:20] [INFO] [Device:4] [Thread:124677087405760] 温度过高，空调制冷24°C，速度3
[2025-06-19 15:01:20] [INFO] [Device:4] [Thread:124677087405760] 湿度高，空调温度-1°C除湿
[2025-06-19 15:01:20] [INFO] [Device:2] [Thread:124677087405760] 光照充足，灯光20%
[2025-06-19 15:01:20] [INFO] [Device:3] [Thread:124677087405760] 光照充足，灯光20%
[2025-06-19 15:01:20] [ALERT] [Device:4] [Thread:124677087405760] CO2超标，空调最大通风
[2025-06-19 15:01:23] [INFO] [Device:-1] [Thread:124677070620352] [2025-06-19 15:01:23] [模拟时间: 15:25] 环境状态 - 温度: 2480609440697359872.0°C, 湿度: 5998118551480655872.0%, CO2: 15585336757502296064.0 ppm, 光照: 138732454862275411968.0 lux, 人数: 0, 场景: afternoon
[2025-06-19 15:01:23] [INFO] [Device:4] [Thread:124677087405760] 温度过高，空调制冷24°C，速度3
[2025-06-19 15:01:23] [INFO] [Device:4] [Thread:124677087405760] 湿度高，空调温度-1°C除湿
[2025-06-19 15:01:23] [INFO] [Device:2] [Thread:124677087405760] 光照充足，灯光20%
[2025-06-19 15:01:23] [INFO] [Device:3] [Thread:124677087405760] 光照充足，灯光20%
[2025-06-19 15:01:23] [INFO] [Device:2] [Thread:124677087405760] 无人，灯光关闭
[2025-06-19 15:01:23] [INFO] [Device:3] [Thread:124677087405760] 无人，灯光关闭
[2025-06-19 15:01:23] [INFO] [Device:4] [Thread:124677087405760] 无人，空调关闭
[2025-06-19 15:01:23] [ALERT] [Device:4] [Thread:124677087405760] CO2超标，空调最大通风
[2025-06-19 15:01:26] [INFO] [Device:4] [Thread:124677087405760] 温度过高，空调制冷24°C，速度3
[2025-06-19 15:01:26] [INFO] [Device:4] [Thread:124677087405760] 湿度高，空调温度-1°C除湿
[2025-06-19 15:01:26] [INFO] [Device:2] [Thread:124677087405760] 光照充足，灯光20%
[2025-06-19 15:01:26] [INFO] [Device:3] [Thread:124677087405760] 光照充足，灯光20%
[2025-06-19 15:01:26] [INFO] [Device:2] [Thread:124677087405760] 无人，灯光关闭
[2025-06-19 15:01:26] [INFO] [Device:3] [Thread:124677087405760] 无人，灯光关闭
[2025-06-19 15:01:26] [INFO] [Device:4] [Thread:124677087405760] 无人，空调关闭
[2025-06-19 15:01:26] [ALERT] [Device:4] [Thread:124677087405760] CO2超标，空调最大通风
[2025-06-19 15:01:29] [INFO] [Device:-1] [Thread:124677070620352] [2025-06-19 15:01:29] [模拟时间: 15:28] 环境状态 - 温度: 2140405675595147520.0°C, 湿度: 5202731907346327552.0%, CO2: 16871971162486773760.0 ppm, 光照: 119582703668308328448.0 lux, 人数: 0, 场景: afternoon
[2025-06-19 15:01:29] [INFO] [Device:4] [Thread:124677087405760] 温度过高，空调制冷24°C，速度3
[2025-06-19 15:01:29] [INFO] [Device:4] [Thread:124677087405760] 湿度高，空调温度-1°C除湿
[2025-06-19 15:01:29] [INFO] [Device:2] [Thread:124677087405760] 光照充足，灯光20%
[2025-06-19 15:01:29] [INFO] [Device:3] [Thread:124677087405760] 光照充足，灯光20%
[2025-06-19 15:01:29] [INFO] [Device:2] [Thread:124677087405760] 无人，灯光关闭
[2025-06-19 15:01:29] [INFO] [Device:3] [Thread:124677087405760] 无人，灯光关闭
[2025-06-19 15:01:29] [INFO] [Device:4] [Thread:124677087405760] 无人，空调关闭
[2025-06-19 15:01:29] [ALERT] [Device:4] [Thread:124677087405760] CO2超标，空调最大通风
[2025-06-19 15:01:32] [INFO] [Device:4] [Thread:124677087405760] 温度过高，空调制冷24°C，速度3
[2025-06-19 15:01:32] [INFO] [Device:4] [Thread:124677087405760] 湿度高，空调温度-1°C除湿
[2025-06-19 15:01:32] [INFO] [Device:2] [Thread:124677087405760] 光照充足，灯光20%
[2025-06-19 15:01:32] [INFO] [Device:3] [Thread:124677087405760] 光照充足，灯光20%
[2025-06-19 15:01:32] [INFO] [Device:2] [Thread:124677087405760] 无人，灯光关闭
[2025-06-19 15:01:32] [INFO] [Device:3] [Thread:124677087405760] 无人，灯光关闭
[2025-06-19 15:01:32] [INFO] [Device:4] [Thread:124677087405760] 无人，空调关闭
[2025-06-19 15:01:32] [ALERT] [Device:4] [Thread:124677087405760] CO2超标，空调最大通风
[2025-06-19 15:01:33] [ALERT] [Device:-1] [Thread:124677120976576] 突发事件触发: 火灾事件 (fire)
[2025-06-19 15:01:33] [ALERT] [Device:2] [Thread:124677079013056] 火灾紧急-灯光断电
[2025-06-19 15:01:33] [ALERT] [Device:3] [Thread:124677079013056] 火灾紧急-灯光断电
[2025-06-19 15:01:33] [ALERT] [Device:4] [Thread:124677079013056] 火灾紧急-空调断电
[2025-06-19 15:01:33] [INFO] [Device:-1] [Thread:124677079013056] [火灾紧急处理后] 设备状态:
  灯光: ID:2 名称:MainLight 亮度:0%
  灯光: ID:3 名称:DeskLight 亮度:0%
  空调: ID:4 名称:MainAC 目标温度:23°C 速度:0
  传感器: ID:0 名称:TemperatureSensor
  传感器: ID:1 名称:HumiditySensor
[2025-06-19 15:01:35] [INFO] [Device:-1] [Thread:124677070620352] [2025-06-19 15:01:35] [模拟时间: 15:31] 环境状态 - 温度: 2191234384829729024.0°C, 湿度: 5462221899126187008.0%, CO2: 17975099335460339712.0 ppm, 光照: 87175790974196776960.0 lux, 人数: 0, 场景: afternoon [紧急模式]
[2025-06-19 15:01:41] [INFO] [Device:-1] [Thread:124677070620352] [2025-06-19 15:01:41] [模拟时间: 15:34] 环境状态 - 温度: 1929451259867644416.0°C, 湿度: 4812063247779919872.0%, CO2: 20673334539765956608.0 ppm, 光照: 113541828059942338560.0 lux, 人数: 0, 场景: afternoon [紧急模式]
[2025-06-19 15:01:47] [INFO] [Device:-1] [Thread:124677070620352] [2025-06-19 15:01:47] [模拟时间: 15:37] 环境状态 - 温度: 2074342103911798528.0°C, 湿度: 5177424446302275584.0%, CO2: 19389618853684125696.0 ppm, 光照: 114315925021741301760.0 lux, 人数: 0, 场景: afternoon [紧急模式]
[2025-06-19 15:01:53] [INFO] [Device:-1] [Thread:124677070620352] [2025-06-19 15:01:53] [模拟时间: 15:40] 环境状态 - 温度: 2213171668552664064.0°C, 湿度: 5443772760025073664.0%, CO2: 16624174464677427200.0 ppm, 光照: 99938379007187992576.0 lux, 人数: 0, 场景: afternoon [紧急模式]
[2025-06-19 15:01:59] [INFO] [Device:-1] [Thread:124677070620352] [2025-06-19 15:01:59] [模拟时间: 15:43] 环境状态 - 温度: 1945443539701664256.0°C, 湿度: 6468044164045923328.0%, CO2: 17762644641676052480.0 ppm, 光照: 104399010662283378688.0 lux, 人数: 0, 场景: afternoon [紧急模式]
[2025-06-19 15:02:05] [INFO] [Device:-1] [Thread:124677070620352] [2025-06-19 15:02:05] [模拟时间: 15:46] 环境状态 - 温度: 1418228340442513152.0°C, 湿度: 7214738017577121792.0%, CO2: 18738740509680250880.0 ppm, 光照: 111155692512852738048.0 lux, 人数: 0, 场景: afternoon [紧急模式]
[2025-06-19 15:02:11] [INFO] [Device:-1] [Thread:124677070620352] [2025-06-19 15:02:11] [模拟时间: 15:49] 环境状态 - 温度: 1701660595650877952.0°C, 湿度: 7011984701816129536.0%, CO2: 19575620704510345216.0 ppm, 光照: 81032499841869643776.0 lux, 人数: 0, 场景: afternoon [紧急模式]
[2025-06-19 15:02:17] [INFO] [Device:-1] [Thread:124677070620352] [2025-06-19 15:02:17] [模拟时间: 15:52] 环境状态 - 温度: 1609445455703681024.0°C, 湿度: 7611270669611602944.0%, CO2: 22045581548555210752.0 ppm, 光照: 59072692384722960384.0 lux, 人数: 0, 场景: afternoon [紧急模式]
[2025-06-19 15:02:23] [INFO] [Device:-1] [Thread:124677070620352] [2025-06-19 15:02:23] [模拟时间: 15:55] 环境状态 - 温度: 1505327130534755328.0°C, 湿度: 6295709453132095488.0%, CO2: 22410823540215767040.0 ppm, 光照: 61510736822172590080.0 lux, 人数: 0, 场景: afternoon [紧急模式]
[2025-06-19 15:02:29] [INFO] [Device:-1] [Thread:124677070620352] [2025-06-19 15:02:29] [模拟时间: 15:58] 环境状态 - 温度: 1765155613628122368.0°C, 湿度: 5336665326318534656.0%, CO2: 22723972892815732736.0 ppm, 光照: 76385259509407154176.0 lux, 人数: 0, 场景: afternoon [紧急模式]
[2025-06-19 15:02:33] [ALERT] [Device:-1] [Thread:124677120976576] 突发事件触发: 高温事件 (high_temperature)
[2025-06-19 15:02:33] [ALERT] [Device:2] [Thread:124677079013056] 高温-灯光关闭降热
[2025-06-19 15:02:33] [ALERT] [Device:3] [Thread:124677079013056] 高温-灯光关闭降热
[2025-06-19 15:02:33] [ALERT] [Device:4] [Thread:124677079013056] 高温-空调全功率18°C
[2025-06-19 15:02:33] [INFO] [Device:-1] [Thread:124677079013056] [高温紧急处理后] 设备状态:
  灯光: ID:2 名称:MainLight 亮度:0%
  灯光: ID:3 名称:DeskLight 亮度:0%
  空调: ID:4 名称:MainAC 目标温度:18°C 速度:3
  传感器: ID:0 名称:TemperatureSensor
  传感器: ID:1 名称:HumiditySensor
[2025-06-19 15:02:35] [INFO] [Device:-1] [Thread:124677070620352] [2025-06-19 15:02:35] [模拟时间: 16:01] 环境状态 - 温度: 1954570577803186688.0°C, 湿度: 5559859361556926464.0%, CO2: 22992459319001133056.0 ppm, 光照: 70626716882062557184.0 lux, 人数: 0, 场景: afternoon [紧急模式]
[2025-06-19 15:02:41] [INFO] [Device:-1] [Thread:124677070620352] [2025-06-19 15:02:41] [模拟时间: 16:04] 环境状态 - 温度: 1723719205212617728.0°C, 湿度: 6552671296562643968.0%, CO2: 19713159808628596736.0 ppm, 光照: 51486876607023603712.0 lux, 人数: 0, 场景: afternoon [紧急模式]
[2025-06-19 15:02:47] [INFO] [Device:-1] [Thread:124677070620352] [2025-06-19 15:02:47] [模拟时间: 16:07] 环境状态 - 温度: 1588632693926770176.0°C, 湿度: 5523990510179403776.0%, CO2: 18746244798293901312.0 ppm, 光照: 54136002712858804224.0 lux, 人数: 0, 场景: afternoon [紧急模式]
[2025-06-19 15:02:53] [INFO] [Device:-1] [Thread:124677070620352] [2025-06-19 15:02:53] [模拟时间: 16:10] 环境状态 - 温度: 1456950487866710272.0°C, 湿度: 6526522903908429824.0%, CO2: 17825002320939642880.0 ppm, 光照: 89455822417426956288.0 lux, 人数: 0, 场景: afternoon [紧急模式]
[2025-06-19 15:02:59] [INFO] [Device:-1] [Thread:124677070620352] [2025-06-19 15:02:59] [模拟时间: 16:13] 环境状态 - 温度: 1062116905654831744.0°C, 湿度: 5504928331934482432.0%, CO2: 18699970704570322944.0 ppm, 光照: 65213294542304247808.0 lux, 人数: 0, 场景: afternoon [紧急模式]
[2025-06-19 15:03:05] [INFO] [Device:-1] [Thread:124677070620352] [2025-06-19 15:03:05] [模拟时间: 16:16] 环境状态 - 温度: 774283224222372352.0°C, 湿度: 4760185888965474304.0%, CO2: 19542380442854223872.0 ppm, 光照: 62482354421044535296.0 lux, 人数: 0, 场景: afternoon [紧急模式]
[2025-06-19 15:03:11] [INFO] [Device:-1] [Thread:124677070620352] [2025-06-19 15:03:11] [模拟时间: 16:19] 环境状态 - 温度: 933387351932300544.0°C, 湿度: 4217268648041068032.0%, CO2: 16755148432192141312.0 ppm, 光照: 45549636372941463552.0 lux, 人数: 0, 场景: afternoon [紧急模式]
[2025-06-19 15:03:17] [INFO] [Device:-1] [Thread:124677070620352] [2025-06-19 15:03:17] [模拟时间: 16:22] 环境状态 - 温度: 1348211515026932736.0°C, 湿度: 4743819183092653056.0%, CO2: 17782704726705430528.0 ppm, 光照: 83196361355627216896.0 lux, 人数: 0, 场景: afternoon [紧急模式]
[2025-06-19 15:03:23] [INFO] [Device:-1] [Thread:124677070620352] [2025-06-19 15:03:23] [模拟时间: 16:25] 环境状态 - 温度: 1683822469255596800.0°C, 湿度: 3458244184474543616.0%, CO2: 17091120872430022656.0 ppm, 光照: 79096891501961789440.0 lux, 人数: 0, 场景: afternoon [紧急模式]
[2025-06-19 15:03:29] [INFO] [Device:-1] [Thread:124677070620352] [2025-06-19 15:03:29] [模拟时间: 16:28] 环境状态 - 温度: 1526343834081424640.0°C, 湿度: 2521060010481942528.0%, CO2: 16498174165370646528.0 ppm, 光照: 107652310344683028480.0 lux, 人数: 0, 场景: afternoon [紧急模式]
[2025-06-19 15:03:35] [INFO] [Device:-1] [Thread:124677070620352] [2025-06-19 15:03:35] [模拟时间: 16:31] 环境状态 - 温度: 1444746048372130304.0°C, 湿度: 2667956230958265856.0%, CO2: 17742237169408020480.0 ppm, 光照: 113527347981322076160.0 lux, 人数: 0, 场景: afternoon [紧急模式]
[2025-06-19 15:03:41] [INFO] [Device:-1] [Thread:124677070620352] [2025-06-19 15:03:41] [模拟时间: 16:34] 环境状态 - 温度: 1422154750737474048.0°C, 湿度: 3697380779370983424.0%, CO2: 18721243653144440832.0 ppm, 光照: 82761436678383812608.0 lux, 人数: 0, 场景: afternoon [紧急模式]
[2025-06-19 15:03:47] [INFO] [Device:-1] [Thread:124677070620352] [2025-06-19 15:03:47] [模拟时间: 16:37] 环境状态 - 温度: 1036750813287618560.0°C, 湿度: 3525494071478376960.0%, CO2: 19468385616769409024.0 ppm, 光照: 75274950038246522880.0 lux, 人数: 0, 场景: afternoon [紧急模式]
[2025-06-19 15:03:53] [INFO] [Device:-1] [Thread:124677070620352] [2025-06-19 15:03:53] [模拟时间: 16:40] 环境状态 - 温度: 1386669990207540736.0°C, 湿度: 5069619000095381504.0%, CO2: 21953640865203322880.0 ppm, 光照: 54875438577881710592.0 lux, 人数: 0, 场景: afternoon [紧急模式]
[2025-06-19 15:03:59] [INFO] [Device:-1] [Thread:124677070620352] [2025-06-19 15:03:59] [模拟时间: 16:43] 环境状态 - 温度: 2010695951656354816.0°C, 湿度: 6195286073057177600.0%, CO2: 20667177244174655488.0 ppm, 光照: 58450938796985319424.0 lux, 人数: 0, 场景: afternoon [紧急模式]
