[2025-06-20 16:43:08] [INFO] [Device:-1] [Thread:126614808082304] 智能家居系统启动
[2025-06-20 16:43:09] [INFO] [Device:-1] [Thread:126614808082304] 开始初始化房间设备容器
[2025-06-20 16:43:09] [INFO] [Device:-1] [Thread:126614808082304] 房间设备容器初始化完成
[2025-06-20 16:43:09] [INFO] [Device:-1] [Thread:126614808082304] 打印当前用户信息
[2025-06-20 16:43:13] [INFO] [Device:-1] [Thread:126614808082304] 开始从文件导入设备
[2025-06-20 16:43:14] [INFO] [Device:-1] [Thread:126614808082304] 尝试加载设备配置文件: ../data/sence1.json
[2025-06-20 16:43:14] [INFO] [Device:-1] [Thread:126614808082304] 设备导入成功 - 传感器: 2, 灯光: 2, 空调: 1
[2025-06-20 16:43:20] [INFO] [Device:-1] [Thread:126614808082304] 显示所有设备信息
[2025-06-20 16:43:23] [INFO] [Device:-1] [Thread:126614808082304] 开始切换用户
[2025-06-20 16:43:26] [INFO] [Device:-1] [Thread:126614808082304] 切换用户成功
[2025-06-20 16:43:26] [INFO] [Device:-1] [Thread:126614808082304] 打印当前用户信息
[2025-06-20 16:43:26] [INFO] [Device:-1] [Thread:126614808082304] 打印当前用户信息
[2025-06-20 16:43:31] [INFO] [Device:-1] [Thread:126614808082304] 显示所有设备信息
[2025-06-20 16:43:34] [INFO] [Device:-1] [Thread:126614808082304] 开始查找设备
[2025-06-20 16:43:35] [INFO] [Device:-1] [Thread:126614808082304] 查找设备ID: 4
[2025-06-20 16:43:35] [INFO] [Device:-1] [Thread:126614808082304] 找到设备ID: 4
[2025-06-20 16:43:37] [INFO] [Device:-1] [Thread:126614808082304] 开始修改设备信息
[2025-06-20 16:43:37] [INFO] [Device:-1] [Thread:126614808082304] 修改设备ID: 4
[2025-06-20 16:43:37] [INFO] [Device:-1] [Thread:126614808082304] 当前用户无权修改设备ID: 4 设备类型: AirConditioner
[2025-06-20 16:43:44] [INFO] [Device:-1] [Thread:126614808082304] 用户选择退出系统
[2025-06-20 16:43:44] [INFO] [Device:-1] [Thread:126614808082304] 智能家居系统关闭
